Analysis & Synthesis report for QuadroAlerta
Sun Jun 29 14:32:42 2025
Quartus Prime Version 23.1std.1 Build 993 05/14/2024 SC Lite Edition


---------------------
; Table of Contents ;
---------------------
  1. Legal Notice
  2. Analysis & Synthesis Summary
  3. Analysis & Synthesis Settings
  4. Parallel Compilation
  5. Analysis & Synthesis Source Files Read
  6. Analysis & Synthesis Resource Usage Summary
  7. Analysis & Synthesis Resource Utilization by Entity
  8. State Machine - |QuadroAlerta|controller:ctrl|atual
  9. Registers Removed During Synthesis
 10. General Register Statistics
 11. Multiplexer Restructuring Statistics (Restructuring Performed)
 12. Port Connectivity Checks: "datapath:dt|comparator:comp"
 13. Analysis & Synthesis Messages



----------------
; Legal Notice ;
----------------
Copyright (C) 2024  Intel Corporation. All rights reserved.
Your use of Intel Corporation's design tools, logic functions 
and other software and tools, and any partner logic 
functions, and any output files from any of the foregoing 
(including device programming or simulation files), and any 
associated documentation or information are expressly subject 
to the terms and conditions of the Intel Program License 
Subscription Agreement, the Intel Quartus Prime License Agreement,
the Intel FPGA IP License Agreement, or other applicable license
agreement, including, without limitation, that your use is for
the sole purpose of programming logic devices manufactured by
Intel and sold by Intel or its authorized distributors.  Please
refer to the applicable agreement for further details, at
https://fpgasoftware.intel.com/eula.



+------------------------------------------------------------------------------+
; Analysis & Synthesis Summary                                                 ;
+-----------------------------+------------------------------------------------+
; Analysis & Synthesis Status ; Successful - Sun Jun 29 14:32:42 2025          ;
; Quartus Prime Version       ; 23.1std.1 Build 993 05/14/2024 SC Lite Edition ;
; Revision Name               ; QuadroAlerta                                   ;
; Top-level Entity Name       ; QuadroAlerta                                   ;
; Family                      ; MAX II                                         ;
; Total logic elements        ; 79                                             ;
; Total pins                  ; 8                                              ;
; Total virtual pins          ; 0                                              ;
; UFM blocks                  ; 0 / 1 ( 0 % )                                  ;
+-----------------------------+------------------------------------------------+


+------------------------------------------------------------------------------------------------------------+
; Analysis & Synthesis Settings                                                                              ;
+------------------------------------------------------------------+--------------------+--------------------+
; Option                                                           ; Setting            ; Default Value      ;
+------------------------------------------------------------------+--------------------+--------------------+
; Device                                                           ; EPM240T100C5       ;                    ;
; Top-level entity name                                            ; QuadroAlerta       ; QuadroAlerta       ;
; Family name                                                      ; MAX II             ; Cyclone V          ;
; Use smart compilation                                            ; Off                ; Off                ;
; Enable parallel Assembler and Timing Analyzer during compilation ; On                 ; On                 ;
; Enable compact report table                                      ; Off                ; Off                ;
; Restructure Multiplexers                                         ; Auto               ; Auto               ;
; Create Debugging Nodes for IP Cores                              ; Off                ; Off                ;
; Preserve fewer node names                                        ; On                 ; On                 ;
; Intel FPGA IP Evaluation Mode                                    ; Enable             ; Enable             ;
; Verilog Version                                                  ; Verilog_2001       ; Verilog_2001       ;
; VHDL Version                                                     ; VHDL_1993          ; VHDL_1993          ;
; State Machine Processing                                         ; Auto               ; Auto               ;
; Safe State Machine                                               ; Off                ; Off                ;
; Extract Verilog State Machines                                   ; On                 ; On                 ;
; Extract VHDL State Machines                                      ; On                 ; On                 ;
; Ignore Verilog initial constructs                                ; Off                ; Off                ;
; Iteration limit for constant Verilog loops                       ; 5000               ; 5000               ;
; Iteration limit for non-constant Verilog loops                   ; 250                ; 250                ;
; Add Pass-Through Logic to Inferred RAMs                          ; On                 ; On                 ;
; Infer RAMs from Raw Logic                                        ; On                 ; On                 ;
; Parallel Synthesis                                               ; On                 ; On                 ;
; NOT Gate Push-Back                                               ; On                 ; On                 ;
; Power-Up Don't Care                                              ; On                 ; On                 ;
; Remove Redundant Logic Cells                                     ; Off                ; Off                ;
; Remove Duplicate Registers                                       ; On                 ; On                 ;
; Ignore CARRY Buffers                                             ; Off                ; Off                ;
; Ignore CASCADE Buffers                                           ; Off                ; Off                ;
; Ignore GLOBAL Buffers                                            ; Off                ; Off                ;
; Ignore ROW GLOBAL Buffers                                        ; Off                ; Off                ;
; Ignore LCELL Buffers                                             ; Off                ; Off                ;
; Ignore SOFT Buffers                                              ; On                 ; On                 ;
; Limit AHDL Integers to 32 Bits                                   ; Off                ; Off                ;
; Optimization Technique                                           ; Balanced           ; Balanced           ;
; Carry Chain Length                                               ; 70                 ; 70                 ;
; Auto Carry Chains                                                ; On                 ; On                 ;
; Auto Open-Drain Pins                                             ; On                 ; On                 ;
; Perform WYSIWYG Primitive Resynthesis                            ; Off                ; Off                ;
; Auto Shift Register Replacement                                  ; Auto               ; Auto               ;
; Allow Shift Register Merging across Hierarchies                  ; Auto               ; Auto               ;
; Auto Clock Enable Replacement                                    ; On                 ; On                 ;
; Allow Synchronous Control Signals                                ; On                 ; On                 ;
; Force Use of Synchronous Clear Signals                           ; Off                ; Off                ;
; Auto Resource Sharing                                            ; Off                ; Off                ;
; Use LogicLock Constraints during Resource Balancing              ; On                 ; On                 ;
; Ignore translate_off and synthesis_off directives                ; Off                ; Off                ;
; Report Parameter Settings                                        ; On                 ; On                 ;
; Report Source Assignments                                        ; On                 ; On                 ;
; Report Connectivity Checks                                       ; On                 ; On                 ;
; Ignore Maximum Fan-Out Assignments                               ; Off                ; Off                ;
; Synchronization Register Chain Length                            ; 2                  ; 2                  ;
; Power Optimization During Synthesis                              ; Normal compilation ; Normal compilation ;
; HDL message level                                                ; Level2             ; Level2             ;
; Suppress Register Optimization Related Messages                  ; Off                ; Off                ;
; Number of Removed Registers Reported in Synthesis Report         ; 5000               ; 5000               ;
; Number of Swept Nodes Reported in Synthesis Report               ; 5000               ; 5000               ;
; Number of Inverted Registers Reported in Synthesis Report        ; 100                ; 100                ;
; Clock MUX Protection                                             ; On                 ; On                 ;
; Block Design Naming                                              ; Auto               ; Auto               ;
; Synthesis Effort                                                 ; Auto               ; Auto               ;
; Shift Register Replacement - Allow Asynchronous Clear Signal     ; On                 ; On                 ;
; Analysis & Synthesis Message Level                               ; Medium             ; Medium             ;
; Disable Register Merging Across Hierarchies                      ; Auto               ; Auto               ;
+------------------------------------------------------------------+--------------------+--------------------+


+------------------------------------------+
; Parallel Compilation                     ;
+----------------------------+-------------+
; Processors                 ; Number      ;
+----------------------------+-------------+
; Number detected on machine ; 12          ;
; Maximum allowed            ; 12          ;
;                            ;             ;
; Average used               ; 1.00        ;
; Maximum used               ; 1           ;
;                            ;             ;
; Usage by Processor         ; % Time Used ;
;     Processor 1            ; 100.0%      ;
+----------------------------+-------------+


+------------------------------------------------------------------------------------------------------------------------------------------------------------------------------------------------------------+
; Analysis & Synthesis Source Files Read                                                                                                                                                                     ;
+----------------------------------+-----------------+------------------------------+--------------------------------------------------------------------------------------------------------------+---------+
; File Name with User-Entered Path ; Used in Netlist ; File Type                    ; File Name with Absolute Path                                                                                 ; Library ;
+----------------------------------+-----------------+------------------------------+--------------------------------------------------------------------------------------------------------------+---------+
; QuadroAlerta.sv                  ; yes             ; User SystemVerilog HDL File  ; C:/Users/Windows10/Desktop/github-projects/embedded-digital-systems/unidade-1/P1QuadroAlerta/QuadroAlerta.sv ;         ;
; deboucing.sv                     ; yes             ; User SystemVerilog HDL File  ; C:/Users/Windows10/Desktop/github-projects/embedded-digital-systems/unidade-1/P1QuadroAlerta/deboucing.sv    ;         ;
; div_clock.sv                     ; yes             ; User SystemVerilog HDL File  ; C:/Users/Windows10/Desktop/github-projects/embedded-digital-systems/unidade-1/P1QuadroAlerta/div_clock.sv    ;         ;
; datapath.sv                      ; yes             ; User SystemVerilog HDL File  ; C:/Users/Windows10/Desktop/github-projects/embedded-digital-systems/unidade-1/P1QuadroAlerta/datapath.sv     ;         ;
; controller.sv                    ; yes             ; User SystemVerilog HDL File  ; C:/Users/Windows10/Desktop/github-projects/embedded-digital-systems/unidade-1/P1QuadroAlerta/controller.sv   ;         ;
; comparator.sv                    ; yes             ; User SystemVerilog HDL File  ; C:/Users/Windows10/Desktop/github-projects/embedded-digital-systems/unidade-1/P1QuadroAlerta/comparator.sv   ;         ;
+----------------------------------+-----------------+------------------------------+--------------------------------------------------------------------------------------------------------------+---------+


+-----------------------------------------------------+
; Analysis & Synthesis Resource Usage Summary         ;
+---------------------------------------------+-------+
; Resource                                    ; Usage ;
+---------------------------------------------+-------+
; Total logic elements                        ; 79    ;
;     -- Combinational with no register       ; 38    ;
;     -- Register only                        ; 20    ;
;     -- Combinational with a register        ; 21    ;
;                                             ;       ;
; Logic element usage by number of LUT inputs ;       ;
;     -- 4 input functions                    ; 15    ;
;     -- 3 input functions                    ; 13    ;
;     -- 2 input functions                    ; 30    ;
;     -- 1 input functions                    ; 1     ;
;     -- 0 input functions                    ; 0     ;
;                                             ;       ;
; Logic elements by mode                      ;       ;
;     -- normal mode                          ; 54    ;
;     -- arithmetic mode                      ; 25    ;
;     -- qfbk mode                            ; 0     ;
;     -- register cascade mode                ; 0     ;
;     -- synchronous clear/load mode          ; 0     ;
;     -- asynchronous clear/load mode         ; 0     ;
;                                             ;       ;
; Total registers                             ; 41    ;
; Total logic cells in carry chains           ; 26    ;
; I/O pins                                    ; 8     ;
; Maximum fan-out node                        ; clk   ;
; Maximum fan-out                             ; 27    ;
; Total fan-out                               ; 228   ;
; Average fan-out                             ; 2.62  ;
+---------------------------------------------+-------+


+-----------------------------------------------------------------------------------------------------------------------------------------------------------------------------------------------------------------------------------------------------------+
; Analysis & Synthesis Resource Utilization by Entity                                                                                                                                                                                                       ;
+----------------------------+-------------+--------------+------------+------+--------------+--------------+-------------------+------------------+-----------------+------------+-------------------------------------------+--------------+--------------+
; Compilation Hierarchy Node ; Logic Cells ; LC Registers ; UFM Blocks ; Pins ; Virtual Pins ; LUT-Only LCs ; Register-Only LCs ; LUT/Register LCs ; Carry Chain LCs ; Packed LCs ; Full Hierarchy Name                       ; Entity Name  ; Library Name ;
+----------------------------+-------------+--------------+------------+------+--------------+--------------+-------------------+------------------+-----------------+------------+-------------------------------------------+--------------+--------------+
; |QuadroAlerta              ; 79 (0)      ; 41           ; 0          ; 8    ; 0            ; 38 (0)       ; 20 (0)            ; 21 (0)           ; 26 (0)          ; 0 (0)      ; |QuadroAlerta                             ; QuadroAlerta ; work         ;
;    |controller:ctrl|       ; 7 (7)       ; 4            ; 0          ; 0    ; 0            ; 3 (3)        ; 0 (0)             ; 4 (4)            ; 0 (0)           ; 0 (0)      ; |QuadroAlerta|controller:ctrl             ; controller   ; work         ;
;    |datapath:dt|           ; 3 (2)       ; 2            ; 0          ; 0    ; 0            ; 1 (0)        ; 0 (0)             ; 2 (2)            ; 0 (0)           ; 0 (0)      ; |QuadroAlerta|datapath:dt                 ; datapath     ; work         ;
;       |comparator:comp|    ; 1 (1)       ; 0            ; 0          ; 0    ; 0            ; 1 (1)        ; 0 (0)             ; 0 (0)            ; 0 (0)           ; 0 (0)      ; |QuadroAlerta|datapath:dt|comparator:comp ; comparator   ; work         ;
;    |deboucing:dbc1|        ; 4 (4)       ; 4            ; 0          ; 0    ; 0            ; 0 (0)        ; 1 (1)             ; 3 (3)            ; 0 (0)           ; 0 (0)      ; |QuadroAlerta|deboucing:dbc1              ; deboucing    ; work         ;
;    |deboucing:dbc2|        ; 4 (4)       ; 4            ; 0          ; 0    ; 0            ; 0 (0)        ; 1 (1)             ; 3 (3)            ; 0 (0)           ; 0 (0)      ; |QuadroAlerta|deboucing:dbc2              ; deboucing    ; work         ;
;    |div_clock:clk_low|     ; 61 (61)     ; 27           ; 0          ; 0    ; 0            ; 34 (34)      ; 18 (18)           ; 9 (9)            ; 26 (26)         ; 0 (0)      ; |QuadroAlerta|div_clock:clk_low           ; div_clock    ; work         ;
+----------------------------+-------------+--------------+------------+------+--------------+--------------+-------------------+------------------+-----------------+------------+-------------------------------------------+--------------+--------------+
Note: For table entries with two numbers listed, the numbers in parentheses indicate the number of resources of the given type used by the specific entity alone. The numbers listed outside of parentheses indicate the total resources of the given type used by the specific entity and all of its sub-entities in the hierarchy.


Encoding Type:  One-Hot
+-----------------------------------------------------+
; State Machine - |QuadroAlerta|controller:ctrl|atual ;
+-----------+---------+---------+---------+-----------+
; Name      ; atual.E ; atual.I ; atual.W ; atual.INI ;
+-----------+---------+---------+---------+-----------+
; atual.INI ; 0       ; 0       ; 0       ; 0         ;
; atual.W   ; 0       ; 0       ; 1       ; 1         ;
; atual.I   ; 0       ; 1       ; 0       ; 1         ;
; atual.E   ; 1       ; 0       ; 0       ; 1         ;
+-----------+---------+---------+---------+-----------+


+------------------------------------------------------------+
; Registers Removed During Synthesis                         ;
+---------------------------------------+--------------------+
; Register name                         ; Reason for Removal ;
+---------------------------------------+--------------------+
; controller:ctrl|atual~2               ; Lost fanout        ;
; controller:ctrl|atual~3               ; Lost fanout        ;
; Total Number of Removed Registers = 2 ;                    ;
+---------------------------------------+--------------------+


+------------------------------------------------------+
; General Register Statistics                          ;
+----------------------------------------------+-------+
; Statistic                                    ; Value ;
+----------------------------------------------+-------+
; Total registers                              ; 41    ;
; Number of registers using Synchronous Clear  ; 0     ;
; Number of registers using Synchronous Load   ; 0     ;
; Number of registers using Asynchronous Clear ; 0     ;
; Number of registers using Asynchronous Load  ; 0     ;
; Number of registers using Clock Enable       ; 2     ;
; Number of registers using Preset             ; 0     ;
+----------------------------------------------+-------+


+------------------------------------------------------------------------------------------------------------------------------------------------------------+
; Multiplexer Restructuring Statistics (Restructuring Performed)                                                                                             ;
+--------------------+-----------+---------------+----------------------+------------------------+------------+----------------------------------------------+
; Multiplexer Inputs ; Bus Width ; Baseline Area ; Area if Restructured ; Saving if Restructured ; Registered ; Example Multiplexer Output                   ;
+--------------------+-----------+---------------+----------------------+------------------------+------------+----------------------------------------------+
; 3:1                ; 2 bits    ; 4 LEs         ; 2 LEs                ; 2 LEs                  ; Yes        ; |QuadroAlerta|datapath:dt|c[0]               ;
; 3:1                ; 2 bits    ; 4 LEs         ; 2 LEs                ; 2 LEs                  ; Yes        ; |QuadroAlerta|deboucing:dbc2|counter[1]      ;
; 3:1                ; 2 bits    ; 4 LEs         ; 2 LEs                ; 2 LEs                  ; Yes        ; |QuadroAlerta|deboucing:dbc1|counter[1]      ;
; 3:1                ; 3 bits    ; 6 LEs         ; 6 LEs                ; 0 LEs                  ; No         ; |QuadroAlerta|controller:ctrl|proximo_estado ;
+--------------------+-----------+---------------+----------------------+------------------------+------------+----------------------------------------------+


+----------------------------------------------------------------------------------------------------------------+
; Port Connectivity Checks: "datapath:dt|comparator:comp"                                                        ;
+------+--------+----------+-------------------------------------------------------------------------------------+
; Port ; Type   ; Severity ; Details                                                                             ;
+------+--------+----------+-------------------------------------------------------------------------------------+
; b[1] ; Input  ; Info     ; Stuck at VCC                                                                        ;
; b[0] ; Input  ; Info     ; Stuck at GND                                                                        ;
; lt   ; Output ; Info     ; Connected to dangling logic. Logic that only feeds a dangling port will be removed. ;
; gt   ; Output ; Info     ; Connected to dangling logic. Logic that only feeds a dangling port will be removed. ;
+------+--------+----------+-------------------------------------------------------------------------------------+


+-------------------------------+
; Analysis & Synthesis Messages ;
+-------------------------------+
Info: *******************************************************************
Info: Running Quartus Prime Analysis & Synthesis
    Info: Version 23.1std.1 Build 993 05/14/2024 SC Lite Edition
    Info: Processing started: Sun Jun 29 14:32:27 2025
Info: Command: quartus_map --read_settings_files=on --write_settings_files=off QuadroAlerta -c QuadroAlerta
Warning (18236): Number of processors has not been specified which may cause overloading on shared machines.  Set the global assignment NUM_PARALLEL_PROCESSORS in your QSF to an appropriate value for best performance.
Info (20030): Parallel compilation is enabled and will use 12 of the 12 processors detected
Info (12021): Found 1 design units, including 1 entities, in source file quadroalerta.sv
    Info (12023): Found entity 1: QuadroAlerta File: C:/Users/Windows10/Desktop/github-projects/embedded-digital-systems/unidade-1/P1QuadroAlerta/QuadroAlerta.sv Line: 1
Warning (12019): Can't analyze file -- file dff_d.sv is missing
Info (12021): Found 1 design units, including 1 entities, in source file deboucing.sv
    Info (12023): Found entity 1: deboucing File: C:/Users/Windows10/Desktop/github-projects/embedded-digital-systems/unidade-1/P1QuadroAlerta/deboucing.sv Line: 1
Info (12021): Found 1 design units, including 1 entities, in source file div_clock.sv
    Info (12023): Found entity 1: div_clock File: C:/Users/Windows10/Desktop/github-projects/embedded-digital-systems/unidade-1/P1QuadroAlerta/div_clock.sv Line: 1
Info (12021): Found 1 design units, including 1 entities, in source file datapath.sv
    Info (12023): Found entity 1: datapath File: C:/Users/Windows10/Desktop/github-projects/embedded-digital-systems/unidade-1/P1QuadroAlerta/datapath.sv Line: 1
Info (12021): Found 1 design units, including 1 entities, in source file controller.sv
    Info (12023): Found entity 1: controller File: C:/Users/Windows10/Desktop/github-projects/embedded-digital-systems/unidade-1/P1QuadroAlerta/controller.sv Line: 1
Info (12021): Found 1 design units, including 1 entities, in source file comparator.sv
    Info (12023): Found entity 1: comparator File: C:/Users/Windows10/Desktop/github-projects/embedded-digital-systems/unidade-1/P1QuadroAlerta/comparator.sv Line: 1
Info (12127): Elaborating entity "QuadroAlerta" for the top level hierarchy
Info (12128): Elaborating entity "div_clock" for hierarchy "div_clock:clk_low" File: C:/Users/Windows10/Desktop/github-projects/embedded-digital-systems/unidade-1/P1QuadroAlerta/QuadroAlerta.sv Line: 7
Warning (10230): Verilog HDL assignment warning at div_clock.sv(41): truncated value with size 32 to match size of target (26) File: C:/Users/Windows10/Desktop/github-projects/embedded-digital-systems/unidade-1/P1QuadroAlerta/div_clock.sv Line: 41
Info (12128): Elaborating entity "deboucing" for hierarchy "deboucing:dbc1" File: C:/Users/Windows10/Desktop/github-projects/embedded-digital-systems/unidade-1/P1QuadroAlerta/QuadroAlerta.sv Line: 9
Warning (10230): Verilog HDL assignment warning at deboucing.sv(41): truncated value with size 32 to match size of target (2) File: C:/Users/Windows10/Desktop/github-projects/embedded-digital-systems/unidade-1/P1QuadroAlerta/deboucing.sv Line: 41
Info (12128): Elaborating entity "datapath" for hierarchy "datapath:dt" File: C:/Users/Windows10/Desktop/github-projects/embedded-digital-systems/unidade-1/P1QuadroAlerta/QuadroAlerta.sv Line: 12
Warning (10230): Verilog HDL assignment warning at datapath.sv(12): truncated value with size 32 to match size of target (2) File: C:/Users/Windows10/Desktop/github-projects/embedded-digital-systems/unidade-1/P1QuadroAlerta/datapath.sv Line: 12
Info (12128): Elaborating entity "comparator" for hierarchy "datapath:dt|comparator:comp" File: C:/Users/Windows10/Desktop/github-projects/embedded-digital-systems/unidade-1/P1QuadroAlerta/datapath.sv Line: 8
Info (12128): Elaborating entity "controller" for hierarchy "controller:ctrl" File: C:/Users/Windows10/Desktop/github-projects/embedded-digital-systems/unidade-1/P1QuadroAlerta/QuadroAlerta.sv Line: 13
Info (17049): 2 registers lost all their fanouts during netlist optimizations.
Info (21057): Implemented 87 device resources after synthesis - the final resource count might be different
    Info (21058): Implemented 3 input pins
    Info (21059): Implemented 5 output pins
    Info (21061): Implemented 79 logic cells
Info: Quartus Prime Analysis & Synthesis was successful. 0 errors, 5 warnings
    Info: Peak virtual memory: 4701 megabytes
    Info: Processing ended: Sun Jun 29 14:32:42 2025
    Info: Elapsed time: 00:00:15
    Info: Total CPU time (on all processors): 00:00:36


